[02.24 20:07:22] ┇ INFO    ┇       chrisbase.data ┇ =========================================================================================================================================
[02.24 20:07:22] ┇ INFO    ┇       chrisbase.data ┇ [INIT] python /raid/chrisjihee/proj/DeepKNLP-25/task1-cls.py serve
[02.24 20:07:22] ┇ INFO    ┇       chrisbase.data ┇ =========================================================================================================================================
[02.24 20:07:22] ┇ INFO    ┇       chrisbase.data ┇ -----------------------------------------------------------------------------------------------------------------------------------------
[02.24 20:07:22] ┇ INFO    ┇       chrisbase.data ┇   #	ServerArguments   	value
[02.24 20:07:22] ┇ INFO    ┇       chrisbase.data ┇ -----------------------------------------------------------------------------------------------------------------------------------------
[02.24 20:07:22] ┇ INFO    ┇       chrisbase.data ┇   1	tag               	serve
[02.24 20:07:22] ┇ INFO    ┇       chrisbase.data ┇   2	env.project       	DeepKNLP
[02.24 20:07:22] ┇ INFO    ┇       chrisbase.data ┇   3	env.job_name      	KcELECTRA-base
[02.24 20:07:22] ┇ INFO    ┇       chrisbase.data ┇   4	env.job_version   	0
[02.24 20:07:22] ┇ INFO    ┇       chrisbase.data ┇   5	env.hostname      	dgx-a100
[02.24 20:07:22] ┇ INFO    ┇       chrisbase.data ┇   6	env.hostaddr      	129.254.23.12
[02.24 20:07:22] ┇ INFO    ┇       chrisbase.data ┇   7	env.time_stamp    	0224-200720
[02.24 20:07:22] ┇ INFO    ┇       chrisbase.data ┇   8	env.python_path   	/raid/chrisjihee/miniforge3/envs/DeepKNLP-25/bin/python
[02.24 20:07:22] ┇ INFO    ┇       chrisbase.data ┇   9	env.current_dir   	/raid/chrisjihee/proj/DeepKNLP-25
[02.24 20:07:22] ┇ INFO    ┇       chrisbase.data ┇  10	env.current_file  	/raid/chrisjihee/proj/DeepKNLP-25/task1-cls.py
[02.24 20:07:22] ┇ INFO    ┇       chrisbase.data ┇  11	env.working_dir   	/raid/chrisjihee/proj/DeepKNLP-25
[02.24 20:07:22] ┇ INFO    ┇       chrisbase.data ┇  12	env.command_args  	['serve']
[02.24 20:07:22] ┇ INFO    ┇       chrisbase.data ┇  13	env.max_workers   	1
[02.24 20:07:22] ┇ INFO    ┇       chrisbase.data ┇  14	env.calling_sec   	0.001
[02.24 20:07:22] ┇ INFO    ┇       chrisbase.data ┇  15	env.waiting_sec   	300.0
[02.24 20:07:22] ┇ INFO    ┇       chrisbase.data ┇  16	env.debugging     	False
[02.24 20:07:22] ┇ INFO    ┇       chrisbase.data ┇  17	env.logging_home  	output/nsmc/serve=KcELECTRA-base=dgx-a100/version_0
[02.24 20:07:22] ┇ INFO    ┇       chrisbase.data ┇  18	env.logging_file  	logging.out
[02.24 20:07:22] ┇ INFO    ┇       chrisbase.data ┇  19	env.argument_file 	arguments.json
[02.24 20:07:22] ┇ INFO    ┇       chrisbase.data ┇  20	env.date_format   	[%m.%d %H:%M:%S]
[02.24 20:07:22] ┇ INFO    ┇       chrisbase.data ┇  21	env.message_level 	20
[02.24 20:07:22] ┇ INFO    ┇       chrisbase.data ┇  22	env.message_format	%(asctime)s ┇ %(levelname)-7s ┇ %(name)20s ┇ %(message)s
[02.24 20:07:22] ┇ INFO    ┇       chrisbase.data ┇  23	time.t1           	2025-02-24 20:07:22.870965
[02.24 20:07:22] ┇ INFO    ┇       chrisbase.data ┇  24	time.t2           	2025-02-24 20:07:20.002984
[02.24 20:07:22] ┇ INFO    ┇       chrisbase.data ┇  25	time.started      	[02.24 20:07:22]
[02.24 20:07:22] ┇ INFO    ┇       chrisbase.data ┇  26	time.settled
[02.24 20:07:22] ┇ INFO    ┇       chrisbase.data ┇  27	time.elapsed
[02.24 20:07:22] ┇ INFO    ┇       chrisbase.data ┇  28	prog.tb_logger
[02.24 20:07:22] ┇ INFO    ┇       chrisbase.data ┇  29	prog.csv_logger   	<lightning.fabric.loggers.csv_logs.CSVLogger object at 0x7ff21c9cdca0>
[02.24 20:07:22] ┇ INFO    ┇       chrisbase.data ┇  30	prog.world_size   	1
[02.24 20:07:22] ┇ INFO    ┇       chrisbase.data ┇  31	prog.local_rank   	0
[02.24 20:07:22] ┇ INFO    ┇       chrisbase.data ┇  32	prog.global_rank  	0
[02.24 20:07:22] ┇ INFO    ┇       chrisbase.data ┇  33	prog.global_step  	0
[02.24 20:07:22] ┇ INFO    ┇       chrisbase.data ┇  34	prog.global_epoch 	0.0
[02.24 20:07:22] ┇ INFO    ┇       chrisbase.data ┇  35	data.name         	nsmc
[02.24 20:07:22] ┇ INFO    ┇       chrisbase.data ┇  36	data.home
[02.24 20:07:22] ┇ INFO    ┇       chrisbase.data ┇  37	data.files
[02.24 20:07:22] ┇ INFO    ┇       chrisbase.data ┇  38	data.caching      	False
[02.24 20:07:22] ┇ INFO    ┇       chrisbase.data ┇  39	data.redownload   	False
[02.24 20:07:22] ┇ INFO    ┇       chrisbase.data ┇  40	data.num_check    	0
[02.24 20:07:22] ┇ INFO    ┇       chrisbase.data ┇  41	model.pretrained  	beomi/KcELECTRA-base
[02.24 20:07:22] ┇ INFO    ┇       chrisbase.data ┇  42	model.finetuning  	/raid/chrisjihee/proj/DeepKNLP-25/output
[02.24 20:07:22] ┇ INFO    ┇       chrisbase.data ┇  43	model.name        	train=*
[02.24 20:07:22] ┇ INFO    ┇       chrisbase.data ┇  44	model.seq_len     	128
[02.24 20:07:22] ┇ INFO    ┇       chrisbase.data ┇  45	server.port       	7321
[02.24 20:07:22] ┇ INFO    ┇       chrisbase.data ┇  46	server.host       	0.0.0.0
[02.24 20:07:22] ┇ INFO    ┇       chrisbase.data ┇  47	server.temp       	templates
[02.24 20:07:22] ┇ INFO    ┇       chrisbase.data ┇  48	server.page       	serve_cls.html
[02.24 20:07:22] ┇ INFO    ┇       chrisbase.data ┇ -----------------------------------------------------------------------------------------------------------------------------------------
[02.24 20:07:23] ┇ INFO    ┇             __main__ ┇ Loading model from output/nsmc/train=KcELECTRA-base=dgx-a100/version_0/ep=1.6, loss=0.2697, acc=0.9066.ckpt
[02.24 20:07:23] ┇ INFO    ┇             __main__ ┇ === [after-model] =======================================================================================================================
[02.24 20:07:23] ┇ INFO    ┇             werkzeug ┇ [31m[1mWARNING: This is a development server. Do not use it in a production deployment. Use a production WSGI server instead.[0m
 * Running on all addresses (0.0.0.0)
 * Running on http://127.0.0.1:7321
 * Running on http://129.254.23.12:7321
[02.24 20:07:23] ┇ INFO    ┇             werkzeug ┇ [33mPress CTRL+C to quit[0m
[02.24 20:07:39] ┇ INFO    ┇             werkzeug ┇ 129.254.181.36 - - [24/Feb/2025 20:07:39] "POST /api HTTP/1.1" 200 -
[02.24 20:07:42] ┇ INFO    ┇             werkzeug ┇ 129.254.181.36 - - [24/Feb/2025 20:07:42] "POST /api HTTP/1.1" 200 -
[02.24 20:07:45] ┇ INFO    ┇       chrisbase.data ┇ =========================================================================================================================================
[02.24 20:07:45] ┇ INFO    ┇       chrisbase.data ┇ [EXIT] python /raid/chrisjihee/proj/DeepKNLP-25/task1-cls.py serve ($=00:00:22.168)
[02.24 20:07:45] ┇ INFO    ┇       chrisbase.data ┇ =========================================================================================================================================
