[02.24 19:14:44] ┇ INFO    ┇ lightning.fabric.utilities.seed ┇ [rank: 0] Seed set to 7
[02.24 19:14:44] ┇ INFO    ┇       chrisbase.data ┇ =========================================================================================================================================
[02.24 19:14:44] ┇ INFO    ┇       chrisbase.data ┇ [INIT] python /raid/chrisjihee/proj/DeepKNLP-25/task1-cls.py train
[02.24 19:14:44] ┇ INFO    ┇       chrisbase.data ┇ =========================================================================================================================================
[02.24 19:14:44] ┇ INFO    ┇       chrisbase.data ┇ -----------------------------------------------------------------------------------------------------------------------------------------
[02.24 19:14:44] ┇ INFO    ┇       chrisbase.data ┇   #	TrainerArguments               	value
[02.24 19:14:44] ┇ INFO    ┇       chrisbase.data ┇ -----------------------------------------------------------------------------------------------------------------------------------------
[02.24 19:14:44] ┇ INFO    ┇       chrisbase.data ┇   1	tag                            	train
[02.24 19:14:44] ┇ INFO    ┇       chrisbase.data ┇   2	env.project                    	DeepKNLP
[02.24 19:14:44] ┇ INFO    ┇       chrisbase.data ┇   3	env.job_name                   	KcELECTRA-base
[02.24 19:14:44] ┇ INFO    ┇       chrisbase.data ┇   4	env.job_version                	0
[02.24 19:14:44] ┇ INFO    ┇       chrisbase.data ┇   5	env.hostname                   	dgx-a100
[02.24 19:14:44] ┇ INFO    ┇       chrisbase.data ┇   6	env.hostaddr                   	129.254.23.12
[02.24 19:14:44] ┇ INFO    ┇       chrisbase.data ┇   7	env.time_stamp                 	0224-191436
[02.24 19:14:44] ┇ INFO    ┇       chrisbase.data ┇   8	env.python_path                	/raid/chrisjihee/miniforge3/envs/DeepKNLP-25/bin/python
[02.24 19:14:44] ┇ INFO    ┇       chrisbase.data ┇   9	env.current_dir                	/raid/chrisjihee/proj/DeepKNLP-25
[02.24 19:14:44] ┇ INFO    ┇       chrisbase.data ┇  10	env.current_file               	/raid/chrisjihee/proj/DeepKNLP-25/task1-cls.py
[02.24 19:14:44] ┇ INFO    ┇       chrisbase.data ┇  11	env.working_dir                	/raid/chrisjihee/proj/DeepKNLP-25
[02.24 19:14:44] ┇ INFO    ┇       chrisbase.data ┇  12	env.command_args               	['train']
[02.24 19:14:44] ┇ INFO    ┇       chrisbase.data ┇  13	env.max_workers                	1
[02.24 19:14:44] ┇ INFO    ┇       chrisbase.data ┇  14	env.calling_sec                	0.001
[02.24 19:14:44] ┇ INFO    ┇       chrisbase.data ┇  15	env.waiting_sec                	300.0
[02.24 19:14:44] ┇ INFO    ┇       chrisbase.data ┇  16	env.debugging                  	False
[02.24 19:14:44] ┇ INFO    ┇       chrisbase.data ┇  17	env.logging_home               	output/nsmc/train=KcELECTRA-base=dgx-a100/version_0
[02.24 19:14:44] ┇ INFO    ┇       chrisbase.data ┇  18	env.logging_file               	logging.out
[02.24 19:14:44] ┇ INFO    ┇       chrisbase.data ┇  19	env.argument_file              	arguments.json
[02.24 19:14:44] ┇ INFO    ┇       chrisbase.data ┇  20	env.date_format                	[%m.%d %H:%M:%S]
[02.24 19:14:44] ┇ INFO    ┇       chrisbase.data ┇  21	env.message_level              	20
[02.24 19:14:44] ┇ INFO    ┇       chrisbase.data ┇  22	env.message_format             	%(asctime)s ┇ %(levelname)-7s ┇ %(name)20s ┇ %(message)s
[02.24 19:14:44] ┇ INFO    ┇       chrisbase.data ┇  23	time.t1                        	2025-02-24 19:14:44.692441
[02.24 19:14:44] ┇ INFO    ┇       chrisbase.data ┇  24	time.t2                        	2025-02-24 19:14:35.996554
[02.24 19:14:44] ┇ INFO    ┇       chrisbase.data ┇  25	time.started                   	[02.24 19:14:44]
[02.24 19:14:44] ┇ INFO    ┇       chrisbase.data ┇  26	time.settled
[02.24 19:14:44] ┇ INFO    ┇       chrisbase.data ┇  27	time.elapsed
[02.24 19:14:44] ┇ INFO    ┇       chrisbase.data ┇  28	prog.tb_logger                 	<lightning.fabric.loggers.tensorboard.TensorBoardLogger object at 0x7f33c29ecec0>
[02.24 19:14:44] ┇ INFO    ┇       chrisbase.data ┇  29	prog.csv_logger                	<lightning.fabric.loggers.csv_logs.CSVLogger object at 0x7f33c29ece90>
[02.24 19:14:44] ┇ INFO    ┇       chrisbase.data ┇  30	prog.world_size                	1
[02.24 19:14:44] ┇ INFO    ┇       chrisbase.data ┇  31	prog.local_rank                	0
[02.24 19:14:44] ┇ INFO    ┇       chrisbase.data ┇  32	prog.global_rank               	0
[02.24 19:14:44] ┇ INFO    ┇       chrisbase.data ┇  33	prog.global_step               	0
[02.24 19:14:44] ┇ INFO    ┇       chrisbase.data ┇  34	prog.global_epoch              	0.0
[02.24 19:14:44] ┇ INFO    ┇       chrisbase.data ┇  35	data.name                      	nsmc
[02.24 19:14:44] ┇ INFO    ┇       chrisbase.data ┇  36	data.home                      	/raid/chrisjihee/proj/DeepKNLP-25/data
[02.24 19:14:44] ┇ INFO    ┇       chrisbase.data ┇  37	data.files                     	{'train': 'ratings_train.txt', 'valid': 'ratings_valid.txt', 'test': 'ratings_test.txt'}
[02.24 19:14:44] ┇ INFO    ┇       chrisbase.data ┇  38	data.caching                   	False
[02.24 19:14:44] ┇ INFO    ┇       chrisbase.data ┇  39	data.redownload                	False
[02.24 19:14:44] ┇ INFO    ┇       chrisbase.data ┇  40	data.num_check                 	3
[02.24 19:14:44] ┇ INFO    ┇       chrisbase.data ┇  41	model.pretrained               	beomi/KcELECTRA-base
[02.24 19:14:44] ┇ INFO    ┇       chrisbase.data ┇  42	model.finetuning               	/raid/chrisjihee/proj/DeepKNLP-25/output
[02.24 19:14:44] ┇ INFO    ┇       chrisbase.data ┇  43	model.name
[02.24 19:14:44] ┇ INFO    ┇       chrisbase.data ┇  44	model.seq_len                  	128
[02.24 19:14:44] ┇ INFO    ┇       chrisbase.data ┇  45	hardware.cpu_workers           	10
[02.24 19:14:44] ┇ INFO    ┇       chrisbase.data ┇  46	hardware.train_batch           	50
[02.24 19:14:44] ┇ INFO    ┇       chrisbase.data ┇  47	hardware.infer_batch           	50
[02.24 19:14:44] ┇ INFO    ┇       chrisbase.data ┇  48	hardware.accelerator           	cuda
[02.24 19:14:44] ┇ INFO    ┇       chrisbase.data ┇  49	hardware.precision             	bf16-mixed
[02.24 19:14:44] ┇ INFO    ┇       chrisbase.data ┇  50	hardware.strategy              	ddp
[02.24 19:14:44] ┇ INFO    ┇       chrisbase.data ┇  51	hardware.devices               	[0]
[02.24 19:14:44] ┇ INFO    ┇       chrisbase.data ┇  52	printing.print_rate_on_training	0.05
[02.24 19:14:44] ┇ INFO    ┇       chrisbase.data ┇  53	printing.print_rate_on_validate	0.5
[02.24 19:14:44] ┇ INFO    ┇       chrisbase.data ┇  54	printing.print_rate_on_evaluate	0.5
[02.24 19:14:44] ┇ INFO    ┇       chrisbase.data ┇  55	printing.print_step_on_training	-1
[02.24 19:14:44] ┇ INFO    ┇       chrisbase.data ┇  56	printing.print_step_on_validate	-1
[02.24 19:14:44] ┇ INFO    ┇       chrisbase.data ┇  57	printing.print_step_on_evaluate	-1
[02.24 19:14:44] ┇ INFO    ┇       chrisbase.data ┇  58	printing.tag_format_on_training	st={step:d}, ep={epoch:.2f}, loss={loss:06.4f}, acc={acc:06.4f}
[02.24 19:14:44] ┇ INFO    ┇       chrisbase.data ┇  59	printing.tag_format_on_validate	st={step:d}, ep={epoch:.2f}, val_loss={val_loss:06.4f}, val_acc={val_acc:06.4f}
[02.24 19:14:44] ┇ INFO    ┇       chrisbase.data ┇  60	printing.tag_format_on_evaluate	st={step:d}, ep={epoch:.2f}, test_loss={test_loss:06.4f}, test_acc={test_acc:06.4f}
[02.24 19:14:44] ┇ INFO    ┇       chrisbase.data ┇  61	learning.random_seed           	7
[02.24 19:14:44] ┇ INFO    ┇       chrisbase.data ┇  62	learning.optimizer_cls         	AdamW
[02.24 19:14:44] ┇ INFO    ┇       chrisbase.data ┇  63	learning.learning_rate         	5e-05
[02.24 19:14:44] ┇ INFO    ┇       chrisbase.data ┇  64	learning.saving_mode           	max val_acc
[02.24 19:14:44] ┇ INFO    ┇       chrisbase.data ┇  65	learning.num_saving            	1
[02.24 19:14:44] ┇ INFO    ┇       chrisbase.data ┇  66	learning.num_epochs            	3
[02.24 19:14:44] ┇ INFO    ┇       chrisbase.data ┇  67	learning.log_text              	False
[02.24 19:14:44] ┇ INFO    ┇       chrisbase.data ┇  68	learning.check_rate_on_training	0.2
[02.24 19:14:44] ┇ INFO    ┇       chrisbase.data ┇  69	learning.name_format_on_saving 	ep={epoch:.1f}, loss={val_loss:06.4f}, acc={val_acc:06.4f}
[02.24 19:14:44] ┇ INFO    ┇       chrisbase.data ┇ -----------------------------------------------------------------------------------------------------------------------------------------
[02.24 19:14:53] ┇ INFO    ┇             __main__ ┇ === [after-model] =======================================================================================================================
[02.24 19:14:53] ┇ INFO    ┇         DeepKNLP.cls ┇ Creating features from /raid/chrisjihee/proj/DeepKNLP-25/data/nsmc/ratings_train.txt
[02.24 19:14:53] ┇ INFO    ┇         DeepKNLP.cls ┇ Loaded 150000 examples from /raid/chrisjihee/proj/DeepKNLP-25/data/nsmc/ratings_train.txt
[02.24 19:15:04] ┇ INFO    ┇         DeepKNLP.cls ┇   === [Example 1] ===
[02.24 19:15:04] ┇ INFO    ┇         DeepKNLP.cls ┇   = sentence : 아 더빙.. 진짜 짜증나네요 목소리
[02.24 19:15:04] ┇ INFO    ┇         DeepKNLP.cls ┇   = tokens   : ìķĦ ĠëįĶ ë¹Ļ .. Ġì§Ħì§ľ Ġì§ľì¦ĿëĤĺ ëĦ¤ìļĶ Ġëª©ìĨĮë¦¬ [PAD] [PAD] [PAD] [PAD] [PAD] [PAD] [PAD] [PAD] [PAD] [PAD] [PAD] [PAD] [PAD] [PAD] [PAD] [PAD] [PAD] [PAD] [PAD] [PAD] [PAD] [PAD] [PAD] [PAD] [PAD] [PAD] [PAD] [PAD] [PAD] [PAD] [PAD] [PAD] [PAD] [PAD] [PAD] [PAD] [PAD] [PAD] [PAD] [PAD] [PAD] [PAD] [PAD] [PAD] [PAD] [PAD] [PAD] [PAD] [PAD] [PAD] [PAD] [PAD] [PAD] [PAD] [PAD] [PAD] [PAD] [PAD] [PAD] [PAD] [PAD] [PAD] [PAD] [PAD] [PAD] [PAD] [PAD] [PAD] [PAD] [PAD] [PAD] [PAD] [PAD] [PAD] [PAD] [PAD] [PAD] [PAD] [PAD] [PAD] [PAD] [PAD] [PAD] [PAD] [PAD] [PAD] [PAD] [PAD] [PAD] [PAD] [PAD] [PAD] [PAD] [PAD] [PAD] [PAD] [PAD] [PAD] [PAD] [PAD] [PAD] [PAD] [PAD] [PAD] [PAD] [PAD] [PAD] [PAD] [PAD] [PAD] [PAD] [PAD] [PAD] [PAD] [PAD] [PAD] [PAD] [PAD] [PAD] [PAD]
[02.24 19:15:04] ┇ INFO    ┇         DeepKNLP.cls ┇   = label    : 0
[02.24 19:15:04] ┇ INFO    ┇         DeepKNLP.cls ┇   = features : ClassificationFeatures(input_ids=[307, 482, 6908, 245, 659, 11523, 825, 7415, 3, 3, 3, 3, 3, 3, 3, 3, 3, 3, 3, 3, 3, 3, 3, 3, 3, 3, 3, 3, 3, 3, 3, 3, 3, 3, 3, 3, 3, 3, 3, 3, 3, 3, 3, 3, 3, 3, 3, 3, 3, 3, 3, 3, 3, 3, 3, 3, 3, 3, 3, 3, 3, 3, 3, 3, 3, 3, 3, 3, 3, 3, 3, 3, 3, 3, 3, 3, 3, 3, 3, 3, 3, 3, 3, 3, 3, 3, 3, 3, 3, 3, 3, 3, 3, 3, 3, 3, 3, 3, 3, 3, 3, 3, 3, 3, 3, 3, 3, 3, 3, 3, 3, 3, 3, 3, 3, 3, 3, 3, 3, 3, 3, 3, 3, 3, 3, 3, 3, 3], attention_mask=[1, 1, 1, 1, 1, 1, 1, 1, 0, 0, 0, 0, 0, 0, 0, 0, 0, 0, 0, 0, 0, 0, 0, 0, 0, 0, 0, 0, 0, 0, 0, 0, 0, 0, 0, 0, 0, 0, 0, 0, 0, 0, 0, 0, 0, 0, 0, 0, 0, 0, 0, 0, 0, 0, 0, 0, 0, 0, 0, 0, 0, 0, 0, 0, 0, 0, 0, 0, 0, 0, 0, 0, 0, 0, 0, 0, 0, 0, 0, 0, 0, 0, 0, 0, 0, 0, 0, 0, 0, 0, 0, 0, 0, 0, 0, 0, 0, 0, 0, 0, 0, 0, 0, 0, 0, 0, 0, 0, 0, 0, 0, 0, 0, 0, 0, 0, 0, 0, 0, 0, 0, 0, 0, 0, 0, 0, 0, 0], token_type_ids=[0, 0, 0, 0, 0, 0, 0, 0, 0, 0, 0, 0, 0, 0, 0, 0, 0, 0, 0, 0, 0, 0, 0, 0, 0, 0, 0, 0, 0, 0, 0, 0, 0, 0, 0, 0, 0, 0, 0, 0, 0, 0, 0, 0, 0, 0, 0, 0, 0, 0, 0, 0, 0, 0, 0, 0, 0, 0, 0, 0, 0, 0, 0, 0, 0, 0, 0, 0, 0, 0, 0, 0, 0, 0, 0, 0, 0, 0, 0, 0, 0, 0, 0, 0, 0, 0, 0, 0, 0, 0, 0, 0, 0, 0, 0, 0, 0, 0, 0, 0, 0, 0, 0, 0, 0, 0, 0, 0, 0, 0, 0, 0, 0, 0, 0, 0, 0, 0, 0, 0, 0, 0, 0, 0, 0, 0, 0, 0], label=0)
[02.24 19:15:04] ┇ INFO    ┇         DeepKNLP.cls ┇   === 
[02.24 19:15:04] ┇ INFO    ┇         DeepKNLP.cls ┇   === [Example 2] ===
[02.24 19:15:04] ┇ INFO    ┇         DeepKNLP.cls ┇   = sentence : 흠...포스터보고 초딩영화줄....오버연기조차 가볍지 않구나
[02.24 19:15:04] ┇ INFO    ┇         DeepKNLP.cls ┇   = tokens   : íĿł ... íı¬ ìĬ¤íĦ° ë³´ê³ł Ġì´ĪëĶ© ìĺģíĻĶ ì¤Ħ .... ìĺ¤ ë²Ħ ìĹ°ê¸° ì¡°ì°¨ Ġê°Ģë³į ì§Ģ ĠìķĬ êµ¬ëĤĺ [PAD] [PAD] [PAD] [PAD] [PAD] [PAD] [PAD] [PAD] [PAD] [PAD] [PAD] [PAD] [PAD] [PAD] [PAD] [PAD] [PAD] [PAD] [PAD] [PAD] [PAD] [PAD] [PAD] [PAD] [PAD] [PAD] [PAD] [PAD] [PAD] [PAD] [PAD] [PAD] [PAD] [PAD] [PAD] [PAD] [PAD] [PAD] [PAD] [PAD] [PAD] [PAD] [PAD] [PAD] [PAD] [PAD] [PAD] [PAD] [PAD] [PAD] [PAD] [PAD] [PAD] [PAD] [PAD] [PAD] [PAD] [PAD] [PAD] [PAD] [PAD] [PAD] [PAD] [PAD] [PAD] [PAD] [PAD] [PAD] [PAD] [PAD] [PAD] [PAD] [PAD] [PAD] [PAD] [PAD] [PAD] [PAD] [PAD] [PAD] [PAD] [PAD] [PAD] [PAD] [PAD] [PAD] [PAD] [PAD] [PAD] [PAD] [PAD] [PAD] [PAD] [PAD] [PAD] [PAD] [PAD] [PAD] [PAD] [PAD] [PAD] [PAD] [PAD] [PAD] [PAD] [PAD] [PAD] [PAD] [PAD] [PAD] [PAD]
[02.24 19:15:04] ┇ INFO    ┇         DeepKNLP.cls ┇   = label    : 1
[02.24 19:15:04] ┇ INFO    ┇         DeepKNLP.cls ┇   = features : ClassificationFeatures(input_ids=[10418, 351, 1520, 6104, 1854, 5179, 6415, 855, 483, 544, 1350, 18610, 3789, 10867, 248, 603, 808, 3, 3, 3, 3, 3, 3, 3, 3, 3, 3, 3, 3, 3, 3, 3, 3, 3, 3, 3, 3, 3, 3, 3, 3, 3, 3, 3, 3, 3, 3, 3, 3, 3, 3, 3, 3, 3, 3, 3, 3, 3, 3, 3, 3, 3, 3, 3, 3, 3, 3, 3, 3, 3, 3, 3, 3, 3, 3, 3, 3, 3, 3, 3, 3, 3, 3, 3, 3, 3, 3, 3, 3, 3, 3, 3, 3, 3, 3, 3, 3, 3, 3, 3, 3, 3, 3, 3, 3, 3, 3, 3, 3, 3, 3, 3, 3, 3, 3, 3, 3, 3, 3, 3, 3, 3, 3, 3, 3, 3, 3, 3], attention_mask=[1, 1, 1, 1, 1, 1, 1, 1, 1, 1, 1, 1, 1, 1, 1, 1, 1, 0, 0, 0, 0, 0, 0, 0, 0, 0, 0, 0, 0, 0, 0, 0, 0, 0, 0, 0, 0, 0, 0, 0, 0, 0, 0, 0, 0, 0, 0, 0, 0, 0, 0, 0, 0, 0, 0, 0, 0, 0, 0, 0, 0, 0, 0, 0, 0, 0, 0, 0, 0, 0, 0, 0, 0, 0, 0, 0, 0, 0, 0, 0, 0, 0, 0, 0, 0, 0, 0, 0, 0, 0, 0, 0, 0, 0, 0, 0, 0, 0, 0, 0, 0, 0, 0, 0, 0, 0, 0, 0, 0, 0, 0, 0, 0, 0, 0, 0, 0, 0, 0, 0, 0, 0, 0, 0, 0, 0, 0, 0], token_type_ids=[0, 0, 0, 0, 0, 0, 0, 0, 0, 0, 0, 0, 0, 0, 0, 0, 0, 0, 0, 0, 0, 0, 0, 0, 0, 0, 0, 0, 0, 0, 0, 0, 0, 0, 0, 0, 0, 0, 0, 0, 0, 0, 0, 0, 0, 0, 0, 0, 0, 0, 0, 0, 0, 0, 0, 0, 0, 0, 0, 0, 0, 0, 0, 0, 0, 0, 0, 0, 0, 0, 0, 0, 0, 0, 0, 0, 0, 0, 0, 0, 0, 0, 0, 0, 0, 0, 0, 0, 0, 0, 0, 0, 0, 0, 0, 0, 0, 0, 0, 0, 0, 0, 0, 0, 0, 0, 0, 0, 0, 0, 0, 0, 0, 0, 0, 0, 0, 0, 0, 0, 0, 0, 0, 0, 0, 0, 0, 0], label=1)
[02.24 19:15:04] ┇ INFO    ┇         DeepKNLP.cls ┇   === 
[02.24 19:15:04] ┇ INFO    ┇         DeepKNLP.cls ┇   === [Example 3] ===
[02.24 19:15:04] ┇ INFO    ┇         DeepKNLP.cls ┇   = sentence : 너무재밓었다그래서보는것을추천한다
[02.24 19:15:04] ┇ INFO    ┇         DeepKNLP.cls ┇   = tokens   : ëĦĪë¬´ ìŀ¬ë ° ĵ ìĹĪëĭ¤ ê·¸ëŀĺìĦľ ë³´ ëĬĶê²ĥìĿĦ ì¶Ķì²ľ íķľëĭ¤ [PAD] [PAD] [PAD] [PAD] [PAD] [PAD] [PAD] [PAD] [PAD] [PAD] [PAD] [PAD] [PAD] [PAD] [PAD] [PAD] [PAD] [PAD] [PAD] [PAD] [PAD] [PAD] [PAD] [PAD] [PAD] [PAD] [PAD] [PAD] [PAD] [PAD] [PAD] [PAD] [PAD] [PAD] [PAD] [PAD] [PAD] [PAD] [PAD] [PAD] [PAD] [PAD] [PAD] [PAD] [PAD] [PAD] [PAD] [PAD] [PAD] [PAD] [PAD] [PAD] [PAD] [PAD] [PAD] [PAD] [PAD] [PAD] [PAD] [PAD] [PAD] [PAD] [PAD] [PAD] [PAD] [PAD] [PAD] [PAD] [PAD] [PAD] [PAD] [PAD] [PAD] [PAD] [PAD] [PAD] [PAD] [PAD] [PAD] [PAD] [PAD] [PAD] [PAD] [PAD] [PAD] [PAD] [PAD] [PAD] [PAD] [PAD] [PAD] [PAD] [PAD] [PAD] [PAD] [PAD] [PAD] [PAD] [PAD] [PAD] [PAD] [PAD] [PAD] [PAD] [PAD] [PAD] [PAD] [PAD] [PAD] [PAD] [PAD] [PAD] [PAD] [PAD] [PAD] [PAD] [PAD] [PAD]
[02.24 19:15:04] ┇ INFO    ┇         DeepKNLP.cls ┇   = label    : 0
[02.24 19:15:04] ┇ INFO    ┇         DeepKNLP.cls ┇   = features : ClassificationFeatures(input_ids=[6878, 768, 111, 209, 1333, 6684, 496, 11320, 25451, 689, 3, 3, 3, 3, 3, 3, 3, 3, 3, 3, 3, 3, 3, 3, 3, 3, 3, 3, 3, 3, 3, 3, 3, 3, 3, 3, 3, 3, 3, 3, 3, 3, 3, 3, 3, 3, 3, 3, 3, 3, 3, 3, 3, 3, 3, 3, 3, 3, 3, 3, 3, 3, 3, 3, 3, 3, 3, 3, 3, 3, 3, 3, 3, 3, 3, 3, 3, 3, 3, 3, 3, 3, 3, 3, 3, 3, 3, 3, 3, 3, 3, 3, 3, 3, 3, 3, 3, 3, 3, 3, 3, 3, 3, 3, 3, 3, 3, 3, 3, 3, 3, 3, 3, 3, 3, 3, 3, 3, 3, 3, 3, 3, 3, 3, 3, 3, 3, 3], attention_mask=[1, 1, 1, 1, 1, 1, 1, 1, 1, 1, 0, 0, 0, 0, 0, 0, 0, 0, 0, 0, 0, 0, 0, 0, 0, 0, 0, 0, 0, 0, 0, 0, 0, 0, 0, 0, 0, 0, 0, 0, 0, 0, 0, 0, 0, 0, 0, 0, 0, 0, 0, 0, 0, 0, 0, 0, 0, 0, 0, 0, 0, 0, 0, 0, 0, 0, 0, 0, 0, 0, 0, 0, 0, 0, 0, 0, 0, 0, 0, 0, 0, 0, 0, 0, 0, 0, 0, 0, 0, 0, 0, 0, 0, 0, 0, 0, 0, 0, 0, 0, 0, 0, 0, 0, 0, 0, 0, 0, 0, 0, 0, 0, 0, 0, 0, 0, 0, 0, 0, 0, 0, 0, 0, 0, 0, 0, 0, 0], token_type_ids=[0, 0, 0, 0, 0, 0, 0, 0, 0, 0, 0, 0, 0, 0, 0, 0, 0, 0, 0, 0, 0, 0, 0, 0, 0, 0, 0, 0, 0, 0, 0, 0, 0, 0, 0, 0, 0, 0, 0, 0, 0, 0, 0, 0, 0, 0, 0, 0, 0, 0, 0, 0, 0, 0, 0, 0, 0, 0, 0, 0, 0, 0, 0, 0, 0, 0, 0, 0, 0, 0, 0, 0, 0, 0, 0, 0, 0, 0, 0, 0, 0, 0, 0, 0, 0, 0, 0, 0, 0, 0, 0, 0, 0, 0, 0, 0, 0, 0, 0, 0, 0, 0, 0, 0, 0, 0, 0, 0, 0, 0, 0, 0, 0, 0, 0, 0, 0, 0, 0, 0, 0, 0, 0, 0, 0, 0, 0, 0], label=0)
[02.24 19:15:04] ┇ INFO    ┇         DeepKNLP.cls ┇   === 
[02.24 19:15:04] ┇ INFO    ┇         DeepKNLP.cls ┇ Converted 150000 raw examples to 150000 encoded examples
[02.24 19:15:05] ┇ INFO    ┇             __main__ ┇ Created train_dataset providing 150000 examples
[02.24 19:15:05] ┇ INFO    ┇             __main__ ┇ Created train_dataloader providing 3000 batches
[02.24 19:15:05] ┇ INFO    ┇             __main__ ┇ === [after-train_dataloader] ============================================================================================================
[02.24 19:15:05] ┇ INFO    ┇         DeepKNLP.cls ┇ Creating features from /raid/chrisjihee/proj/DeepKNLP-25/data/nsmc/ratings_valid.txt
[02.24 19:15:05] ┇ INFO    ┇         DeepKNLP.cls ┇ Loaded 50000 examples from /raid/chrisjihee/proj/DeepKNLP-25/data/nsmc/ratings_valid.txt
[02.24 19:15:09] ┇ INFO    ┇         DeepKNLP.cls ┇   === [Example 1] ===
[02.24 19:15:09] ┇ INFO    ┇         DeepKNLP.cls ┇   = sentence : 굳 ㅋ
[02.24 19:15:09] ┇ INFO    ┇         DeepKNLP.cls ┇   = tokens   : êµ³ Ġãħĭ [PAD] [PAD] [PAD] [PAD] [PAD] [PAD] [PAD] [PAD] [PAD] [PAD] [PAD] [PAD] [PAD] [PAD] [PAD] [PAD] [PAD] [PAD] [PAD] [PAD] [PAD] [PAD] [PAD] [PAD] [PAD] [PAD] [PAD] [PAD] [PAD] [PAD] [PAD] [PAD] [PAD] [PAD] [PAD] [PAD] [PAD] [PAD] [PAD] [PAD] [PAD] [PAD] [PAD] [PAD] [PAD] [PAD] [PAD] [PAD] [PAD] [PAD] [PAD] [PAD] [PAD] [PAD] [PAD] [PAD] [PAD] [PAD] [PAD] [PAD] [PAD] [PAD] [PAD] [PAD] [PAD] [PAD] [PAD] [PAD] [PAD] [PAD] [PAD] [PAD] [PAD] [PAD] [PAD] [PAD] [PAD] [PAD] [PAD] [PAD] [PAD] [PAD] [PAD] [PAD] [PAD] [PAD] [PAD] [PAD] [PAD] [PAD] [PAD] [PAD] [PAD] [PAD] [PAD] [PAD] [PAD] [PAD] [PAD] [PAD] [PAD] [PAD] [PAD] [PAD] [PAD] [PAD] [PAD] [PAD] [PAD] [PAD] [PAD] [PAD] [PAD] [PAD] [PAD] [PAD] [PAD] [PAD] [PAD] [PAD] [PAD] [PAD] [PAD] [PAD] [PAD] [PAD]
[02.24 19:15:09] ┇ INFO    ┇         DeepKNLP.cls ┇   = label    : 1
[02.24 19:15:09] ┇ INFO    ┇         DeepKNLP.cls ┇   = features : ClassificationFeatures(input_ids=[22269, 1093, 3, 3, 3, 3, 3, 3, 3, 3, 3, 3, 3, 3, 3, 3, 3, 3, 3, 3, 3, 3, 3, 3, 3, 3, 3, 3, 3, 3, 3, 3, 3, 3, 3, 3, 3, 3, 3, 3, 3, 3, 3, 3, 3, 3, 3, 3, 3, 3, 3, 3, 3, 3, 3, 3, 3, 3, 3, 3, 3, 3, 3, 3, 3, 3, 3, 3, 3, 3, 3, 3, 3, 3, 3, 3, 3, 3, 3, 3, 3, 3, 3, 3, 3, 3, 3, 3, 3, 3, 3, 3, 3, 3, 3, 3, 3, 3, 3, 3, 3, 3, 3, 3, 3, 3, 3, 3, 3, 3, 3, 3, 3, 3, 3, 3, 3, 3, 3, 3, 3, 3, 3, 3, 3, 3, 3, 3], attention_mask=[1, 1, 0, 0, 0, 0, 0, 0, 0, 0, 0, 0, 0, 0, 0, 0, 0, 0, 0, 0, 0, 0, 0, 0, 0, 0, 0, 0, 0, 0, 0, 0, 0, 0, 0, 0, 0, 0, 0, 0, 0, 0, 0, 0, 0, 0, 0, 0, 0, 0, 0, 0, 0, 0, 0, 0, 0, 0, 0, 0, 0, 0, 0, 0, 0, 0, 0, 0, 0, 0, 0, 0, 0, 0, 0, 0, 0, 0, 0, 0, 0, 0, 0, 0, 0, 0, 0, 0, 0, 0, 0, 0, 0, 0, 0, 0, 0, 0, 0, 0, 0, 0, 0, 0, 0, 0, 0, 0, 0, 0, 0, 0, 0, 0, 0, 0, 0, 0, 0, 0, 0, 0, 0, 0, 0, 0, 0, 0], token_type_ids=[0, 0, 0, 0, 0, 0, 0, 0, 0, 0, 0, 0, 0, 0, 0, 0, 0, 0, 0, 0, 0, 0, 0, 0, 0, 0, 0, 0, 0, 0, 0, 0, 0, 0, 0, 0, 0, 0, 0, 0, 0, 0, 0, 0, 0, 0, 0, 0, 0, 0, 0, 0, 0, 0, 0, 0, 0, 0, 0, 0, 0, 0, 0, 0, 0, 0, 0, 0, 0, 0, 0, 0, 0, 0, 0, 0, 0, 0, 0, 0, 0, 0, 0, 0, 0, 0, 0, 0, 0, 0, 0, 0, 0, 0, 0, 0, 0, 0, 0, 0, 0, 0, 0, 0, 0, 0, 0, 0, 0, 0, 0, 0, 0, 0, 0, 0, 0, 0, 0, 0, 0, 0, 0, 0, 0, 0, 0, 0], label=1)
[02.24 19:15:09] ┇ INFO    ┇         DeepKNLP.cls ┇   === 
[02.24 19:15:09] ┇ INFO    ┇         DeepKNLP.cls ┇   === [Example 2] ===
[02.24 19:15:09] ┇ INFO    ┇         DeepKNLP.cls ┇   = sentence : GDNTOPCLASSINTHECLUB
[02.24 19:15:09] ┇ INFO    ┇         DeepKNLP.cls ┇   = tokens   : G D N T O P C L A S S I N T H EC L U B [PAD] [PAD] [PAD] [PAD] [PAD] [PAD] [PAD] [PAD] [PAD] [PAD] [PAD] [PAD] [PAD] [PAD] [PAD] [PAD] [PAD] [PAD] [PAD] [PAD] [PAD] [PAD] [PAD] [PAD] [PAD] [PAD] [PAD] [PAD] [PAD] [PAD] [PAD] [PAD] [PAD] [PAD] [PAD] [PAD] [PAD] [PAD] [PAD] [PAD] [PAD] [PAD] [PAD] [PAD] [PAD] [PAD] [PAD] [PAD] [PAD] [PAD] [PAD] [PAD] [PAD] [PAD] [PAD] [PAD] [PAD] [PAD] [PAD] [PAD] [PAD] [PAD] [PAD] [PAD] [PAD] [PAD] [PAD] [PAD] [PAD] [PAD] [PAD] [PAD] [PAD] [PAD] [PAD] [PAD] [PAD] [PAD] [PAD] [PAD] [PAD] [PAD] [PAD] [PAD] [PAD] [PAD] [PAD] [PAD] [PAD] [PAD] [PAD] [PAD] [PAD] [PAD] [PAD] [PAD] [PAD] [PAD] [PAD] [PAD] [PAD] [PAD] [PAD] [PAD] [PAD] [PAD] [PAD] [PAD] [PAD]
[02.24 19:15:09] ┇ INFO    ┇         DeepKNLP.cls ┇   = label    : 0
[02.24 19:15:09] ┇ INFO    ┇         DeepKNLP.cls ┇   = features : ClassificationFeatures(input_ids=[41, 38, 48, 54, 49, 50, 37, 46, 35, 53, 53, 43, 48, 54, 42, 13115, 46, 55, 36, 3, 3, 3, 3, 3, 3, 3, 3, 3, 3, 3, 3, 3, 3, 3, 3, 3, 3, 3, 3, 3, 3, 3, 3, 3, 3, 3, 3, 3, 3, 3, 3, 3, 3, 3, 3, 3, 3, 3, 3, 3, 3, 3, 3, 3, 3, 3, 3, 3, 3, 3, 3, 3, 3, 3, 3, 3, 3, 3, 3, 3, 3, 3, 3, 3, 3, 3, 3, 3, 3, 3, 3, 3, 3, 3, 3, 3, 3, 3, 3, 3, 3, 3, 3, 3, 3, 3, 3, 3, 3, 3, 3, 3, 3, 3, 3, 3, 3, 3, 3, 3, 3, 3, 3, 3, 3, 3, 3, 3], attention_mask=[1, 1, 1, 1, 1, 1, 1, 1, 1, 1, 1, 1, 1, 1, 1, 1, 1, 1, 1, 0, 0, 0, 0, 0, 0, 0, 0, 0, 0, 0, 0, 0, 0, 0, 0, 0, 0, 0, 0, 0, 0, 0, 0, 0, 0, 0, 0, 0, 0, 0, 0, 0, 0, 0, 0, 0, 0, 0, 0, 0, 0, 0, 0, 0, 0, 0, 0, 0, 0, 0, 0, 0, 0, 0, 0, 0, 0, 0, 0, 0, 0, 0, 0, 0, 0, 0, 0, 0, 0, 0, 0, 0, 0, 0, 0, 0, 0, 0, 0, 0, 0, 0, 0, 0, 0, 0, 0, 0, 0, 0, 0, 0, 0, 0, 0, 0, 0, 0, 0, 0, 0, 0, 0, 0, 0, 0, 0, 0], token_type_ids=[0, 0, 0, 0, 0, 0, 0, 0, 0, 0, 0, 0, 0, 0, 0, 0, 0, 0, 0, 0, 0, 0, 0, 0, 0, 0, 0, 0, 0, 0, 0, 0, 0, 0, 0, 0, 0, 0, 0, 0, 0, 0, 0, 0, 0, 0, 0, 0, 0, 0, 0, 0, 0, 0, 0, 0, 0, 0, 0, 0, 0, 0, 0, 0, 0, 0, 0, 0, 0, 0, 0, 0, 0, 0, 0, 0, 0, 0, 0, 0, 0, 0, 0, 0, 0, 0, 0, 0, 0, 0, 0, 0, 0, 0, 0, 0, 0, 0, 0, 0, 0, 0, 0, 0, 0, 0, 0, 0, 0, 0, 0, 0, 0, 0, 0, 0, 0, 0, 0, 0, 0, 0, 0, 0, 0, 0, 0, 0], label=0)
[02.24 19:15:09] ┇ INFO    ┇         DeepKNLP.cls ┇   === 
[02.24 19:15:09] ┇ INFO    ┇         DeepKNLP.cls ┇   === [Example 3] ===
[02.24 19:15:09] ┇ INFO    ┇         DeepKNLP.cls ┇   = sentence : 뭐야 이 평점들은.... 나쁘진 않지만 10점 짜리는 더더욱 아니잖아
[02.24 19:15:09] ┇ INFO    ┇         DeepKNLP.cls ┇   = tokens   : ëŃĲìķ¼ ĠìĿ´ Ġíıī ìłĲ ëĵ¤ìĿĢ .... ĠëĤĺìģĺ ì§Ħ ĠìķĬì§Ģë§Į Ġ10 ìłĲ Ġì§ľ ë¦¬ëĬĶ ĠëįĶëįĶìļ± ĠìķĦëĭĪìŀĸìķĦ [PAD] [PAD] [PAD] [PAD] [PAD] [PAD] [PAD] [PAD] [PAD] [PAD] [PAD] [PAD] [PAD] [PAD] [PAD] [PAD] [PAD] [PAD] [PAD] [PAD] [PAD] [PAD] [PAD] [PAD] [PAD] [PAD] [PAD] [PAD] [PAD] [PAD] [PAD] [PAD] [PAD] [PAD] [PAD] [PAD] [PAD] [PAD] [PAD] [PAD] [PAD] [PAD] [PAD] [PAD] [PAD] [PAD] [PAD] [PAD] [PAD] [PAD] [PAD] [PAD] [PAD] [PAD] [PAD] [PAD] [PAD] [PAD] [PAD] [PAD] [PAD] [PAD] [PAD] [PAD] [PAD] [PAD] [PAD] [PAD] [PAD] [PAD] [PAD] [PAD] [PAD] [PAD] [PAD] [PAD] [PAD] [PAD] [PAD] [PAD] [PAD] [PAD] [PAD] [PAD] [PAD] [PAD] [PAD] [PAD] [PAD] [PAD] [PAD] [PAD] [PAD] [PAD] [PAD] [PAD] [PAD] [PAD] [PAD] [PAD] [PAD] [PAD] [PAD] [PAD] [PAD] [PAD] [PAD] [PAD] [PAD] [PAD] [PAD] [PAD] [PAD]
[02.24 19:15:09] ┇ INFO    ┇         DeepKNLP.cls ┇   = label    : 0
[02.24 19:15:09] ┇ INFO    ┇         DeepKNLP.cls ┇   = features : ClassificationFeatures(input_ids=[26714, 302, 1141, 1149, 508, 483, 5037, 510, 11047, 1362, 1149, 1766, 1230, 10892, 8205, 3, 3, 3, 3, 3, 3, 3, 3, 3, 3, 3, 3, 3, 3, 3, 3, 3, 3, 3, 3, 3, 3, 3, 3, 3, 3, 3, 3, 3, 3, 3, 3, 3, 3, 3, 3, 3, 3, 3, 3, 3, 3, 3, 3, 3, 3, 3, 3, 3, 3, 3, 3, 3, 3, 3, 3, 3, 3, 3, 3, 3, 3, 3, 3, 3, 3, 3, 3, 3, 3, 3, 3, 3, 3, 3, 3, 3, 3, 3, 3, 3, 3, 3, 3, 3, 3, 3, 3, 3, 3, 3, 3, 3, 3, 3, 3, 3, 3, 3, 3, 3, 3, 3, 3, 3, 3, 3, 3, 3, 3, 3, 3, 3], attention_mask=[1, 1, 1, 1, 1, 1, 1, 1, 1, 1, 1, 1, 1, 1, 1, 0, 0, 0, 0, 0, 0, 0, 0, 0, 0, 0, 0, 0, 0, 0, 0, 0, 0, 0, 0, 0, 0, 0, 0, 0, 0, 0, 0, 0, 0, 0, 0, 0, 0, 0, 0, 0, 0, 0, 0, 0, 0, 0, 0, 0, 0, 0, 0, 0, 0, 0, 0, 0, 0, 0, 0, 0, 0, 0, 0, 0, 0, 0, 0, 0, 0, 0, 0, 0, 0, 0, 0, 0, 0, 0, 0, 0, 0, 0, 0, 0, 0, 0, 0, 0, 0, 0, 0, 0, 0, 0, 0, 0, 0, 0, 0, 0, 0, 0, 0, 0, 0, 0, 0, 0, 0, 0, 0, 0, 0, 0, 0, 0], token_type_ids=[0, 0, 0, 0, 0, 0, 0, 0, 0, 0, 0, 0, 0, 0, 0, 0, 0, 0, 0, 0, 0, 0, 0, 0, 0, 0, 0, 0, 0, 0, 0, 0, 0, 0, 0, 0, 0, 0, 0, 0, 0, 0, 0, 0, 0, 0, 0, 0, 0, 0, 0, 0, 0, 0, 0, 0, 0, 0, 0, 0, 0, 0, 0, 0, 0, 0, 0, 0, 0, 0, 0, 0, 0, 0, 0, 0, 0, 0, 0, 0, 0, 0, 0, 0, 0, 0, 0, 0, 0, 0, 0, 0, 0, 0, 0, 0, 0, 0, 0, 0, 0, 0, 0, 0, 0, 0, 0, 0, 0, 0, 0, 0, 0, 0, 0, 0, 0, 0, 0, 0, 0, 0, 0, 0, 0, 0, 0, 0], label=0)
[02.24 19:15:09] ┇ INFO    ┇         DeepKNLP.cls ┇   === 
[02.24 19:15:09] ┇ INFO    ┇         DeepKNLP.cls ┇ Converted 50000 raw examples to 50000 encoded examples
[02.24 19:15:09] ┇ INFO    ┇             __main__ ┇ Created val_dataset providing 50000 examples
[02.24 19:15:09] ┇ INFO    ┇             __main__ ┇ Created val_dataloader providing 1000 batches
[02.24 19:15:09] ┇ INFO    ┇             __main__ ┇ === [after-val_dataloader] ==============================================================================================================
[02.24 19:15:22] ┇ INFO    ┇             __main__ ┇ (Ep 0.05) training:   5%|█▌                            | 150/3000 [00:12<03:04, 15.48x50b/s] | st=150, ep=0.05, loss=0.4312, acc=0.8200
[02.24 19:15:32] ┇ INFO    ┇             __main__ ┇ (Ep 0.10) training:  10%|███                           | 300/3000 [00:22<02:54, 15.49x50b/s] | st=300, ep=0.10, loss=0.2701, acc=0.9000
[02.24 19:15:42] ┇ INFO    ┇             __main__ ┇ (Ep 0.15) training:  15%|████▌                         | 450/3000 [00:32<02:44, 15.52x50b/s] | st=450, ep=0.15, loss=0.3238, acc=0.9000
[02.24 19:15:51] ┇ INFO    ┇             __main__ ┇ (Ep 0.20) training:  20%|██████                        | 600/3000 [00:41<02:34, 15.53x50b/s] | st=600, ep=0.20, loss=0.2644, acc=0.9200
[02.24 19:16:00] ┇ INFO    ┇             __main__ ┇ (Ep 0.20) checking:  50%|██████████          | 500/1000 [00:08<00:08, 58.79x50b/s]
[02.24 19:16:09] ┇ INFO    ┇             __main__ ┇ (Ep 0.20) checking: 100%|████████████████████| 1000/1000 [00:17<00:00, 58.96x50b/s] | st=600, ep=0.20, val_loss=0.2695, val_acc=0.8885
[02.24 19:16:09] ┇ INFO    ┇             __main__ ┇ --- [after-check] -----------------------------------------------------------------------------------------------------------------------
[02.24 19:16:20] ┇ INFO    ┇             __main__ ┇ (Ep 0.25) training:  25%|███████▌                      | 750/3000 [01:10<02:25, 15.43x50b/s] | st=750, ep=0.25, loss=0.3158, acc=0.9000
[02.24 19:16:30] ┇ INFO    ┇             __main__ ┇ (Ep 0.30) training:  30%|█████████                     | 900/3000 [01:20<02:15, 15.45x50b/s] | st=900, ep=0.30, loss=0.2682, acc=0.8800
[02.24 19:16:39] ┇ INFO    ┇             __main__ ┇ (Ep 0.35) training:  35%|██████████▌                   | 1050/3000 [01:29<02:05, 15.51x50b/s] | st=1050, ep=0.35, loss=0.1957, acc=0.9200
[02.24 19:16:49] ┇ INFO    ┇             __main__ ┇ (Ep 0.40) training:  40%|████████████                  | 1200/3000 [01:39<01:56, 15.48x50b/s] | st=1200, ep=0.40, loss=0.1748, acc=0.9200
[02.24 19:16:58] ┇ INFO    ┇             __main__ ┇ (Ep 0.40) checking:  50%|██████████          | 500/1000 [00:08<00:08, 58.55x50b/s]
[02.24 19:17:07] ┇ INFO    ┇             __main__ ┇ (Ep 0.40) checking: 100%|████████████████████| 1000/1000 [00:17<00:00, 58.93x50b/s] | st=1200, ep=0.40, val_loss=0.2672, val_acc=0.8935
[02.24 19:17:07] ┇ INFO    ┇             __main__ ┇ --- [after-check] -----------------------------------------------------------------------------------------------------------------------
[02.24 19:17:17] ┇ INFO    ┇             __main__ ┇ (Ep 0.45) training:  45%|█████████████▌                | 1350/3000 [02:08<01:46, 15.55x50b/s] | st=1350, ep=0.45, loss=0.4384, acc=0.8200
[02.24 19:17:27] ┇ INFO    ┇             __main__ ┇ (Ep 0.50) training:  50%|███████████████               | 1500/3000 [02:17<01:42, 14.66x50b/s] | st=1500, ep=0.50, loss=0.3332, acc=0.8600
[02.24 19:17:37] ┇ INFO    ┇             __main__ ┇ (Ep 0.55) training:  55%|████████████████▌             | 1650/3000 [02:27<01:27, 15.49x50b/s] | st=1650, ep=0.55, loss=0.2675, acc=0.8600
[02.24 19:17:47] ┇ INFO    ┇             __main__ ┇ (Ep 0.60) training:  60%|██████████████████            | 1800/3000 [02:37<01:17, 15.50x50b/s] | st=1800, ep=0.60, loss=0.2965, acc=0.8800
[02.24 19:17:56] ┇ INFO    ┇             __main__ ┇ (Ep 0.60) checking:  50%|██████████          | 500/1000 [00:08<00:08, 58.73x50b/s]
[02.24 19:18:04] ┇ INFO    ┇             __main__ ┇ (Ep 0.60) checking: 100%|████████████████████| 1000/1000 [00:17<00:00, 58.85x50b/s] | st=1800, ep=0.60, val_loss=0.2551, val_acc=0.9017
[02.24 19:18:04] ┇ INFO    ┇             __main__ ┇ --- [after-check] -----------------------------------------------------------------------------------------------------------------------
[02.24 19:18:15] ┇ INFO    ┇             __main__ ┇ (Ep 0.65) training:  65%|███████████████████▌          | 1950/3000 [03:05<01:07, 15.55x50b/s] | st=1950, ep=0.65, loss=0.2317, acc=0.9000
[02.24 19:18:25] ┇ INFO    ┇             __main__ ┇ (Ep 0.70) training:  70%|█████████████████████         | 2100/3000 [03:15<00:58, 15.49x50b/s] | st=2100, ep=0.70, loss=0.1560, acc=0.9400
[02.24 19:18:35] ┇ INFO    ┇             __main__ ┇ (Ep 0.75) training:  75%|██████████████████████▌       | 2250/3000 [03:25<00:48, 15.50x50b/s] | st=2250, ep=0.75, loss=0.1963, acc=0.9600
[02.24 19:18:44] ┇ INFO    ┇             __main__ ┇ (Ep 0.80) training:  80%|████████████████████████      | 2400/3000 [03:34<00:38, 15.50x50b/s] | st=2400, ep=0.80, loss=0.1111, acc=0.9600
[02.24 19:18:53] ┇ INFO    ┇             __main__ ┇ (Ep 0.80) checking:  50%|██████████          | 500/1000 [00:09<00:08, 58.24x50b/s]
[02.24 19:19:02] ┇ INFO    ┇             __main__ ┇ (Ep 0.80) checking: 100%|████████████████████| 1000/1000 [00:17<00:00, 58.99x50b/s] | st=2400, ep=0.80, val_loss=0.2389, val_acc=0.9052
[02.24 19:19:02] ┇ INFO    ┇             __main__ ┇ --- [after-check] -----------------------------------------------------------------------------------------------------------------------
[02.24 19:19:13] ┇ INFO    ┇             __main__ ┇ (Ep 0.85) training:  85%|█████████████████████████▌    | 2550/3000 [04:03<00:29, 15.49x50b/s] | st=2550, ep=0.85, loss=0.2169, acc=0.8800
[02.24 19:19:23] ┇ INFO    ┇             __main__ ┇ (Ep 0.90) training:  90%|███████████████████████████   | 2700/3000 [04:13<00:19, 15.55x50b/s] | st=2700, ep=0.90, loss=0.4128, acc=0.8200
[02.24 19:19:32] ┇ INFO    ┇             __main__ ┇ (Ep 0.95) training:  95%|████████████████████████████▌ | 2850/3000 [04:23<00:09, 15.60x50b/s] | st=2850, ep=0.95, loss=0.1782, acc=0.9400
[02.24 19:19:42] ┇ INFO    ┇             __main__ ┇ (Ep 1.00) training: 100%|██████████████████████████████| 3000/3000 [04:32<00:00, 15.53x50b/s] | st=3000, ep=1.00, loss=0.1677, acc=0.9000
[02.24 19:19:51] ┇ INFO    ┇             __main__ ┇ (Ep 1.00) checking:  50%|██████████          | 500/1000 [00:08<00:08, 58.71x50b/s]
[02.24 19:20:00] ┇ INFO    ┇             __main__ ┇ (Ep 1.00) checking: 100%|████████████████████| 1000/1000 [00:17<00:00, 58.09x50b/s] | st=3000, ep=1.00, val_loss=0.2508, val_acc=0.9052
[02.24 19:20:00] ┇ INFO    ┇             __main__ ┇ --- [after-check] -----------------------------------------------------------------------------------------------------------------------
[02.24 19:20:01] ┇ INFO    ┇             __main__ ┇ === [after-epoch] =======================================================================================================================
[02.24 19:20:12] ┇ INFO    ┇             __main__ ┇ (Ep 1.05) training:   5%|█▌                            | 150/3000 [00:10<03:03, 15.54x50b/s] | st=3150, ep=1.05, loss=0.0797, acc=0.9600
[02.24 19:20:21] ┇ INFO    ┇             __main__ ┇ (Ep 1.10) training:  10%|███                           | 300/3000 [00:20<02:54, 15.43x50b/s] | st=3300, ep=1.10, loss=0.1517, acc=0.9400
[02.24 19:20:31] ┇ INFO    ┇             __main__ ┇ (Ep 1.15) training:  15%|████▌                         | 450/3000 [00:29<02:43, 15.59x50b/s] | st=3450, ep=1.15, loss=0.2522, acc=0.9200
[02.24 19:20:41] ┇ INFO    ┇             __main__ ┇ (Ep 1.20) training:  20%|██████                        | 600/3000 [00:39<02:34, 15.53x50b/s] | st=3600, ep=1.20, loss=0.2542, acc=0.8800
[02.24 19:20:50] ┇ INFO    ┇             __main__ ┇ (Ep 1.20) checking:  50%|██████████          | 500/1000 [00:09<00:08, 58.66x50b/s]
[02.24 19:20:58] ┇ INFO    ┇             __main__ ┇ (Ep 1.20) checking: 100%|████████████████████| 1000/1000 [00:17<00:00, 58.87x50b/s] | st=3600, ep=1.20, val_loss=0.2605, val_acc=0.9015
[02.24 19:20:58] ┇ INFO    ┇             __main__ ┇ --- [after-check] -----------------------------------------------------------------------------------------------------------------------
[02.24 19:21:08] ┇ INFO    ┇             __main__ ┇ (Ep 1.25) training:  25%|███████▌                      | 750/3000 [01:06<02:25, 15.47x50b/s] | st=3750, ep=1.25, loss=0.1610, acc=0.9400
[02.24 19:21:18] ┇ INFO    ┇             __main__ ┇ (Ep 1.30) training:  30%|█████████                     | 900/3000 [01:16<02:15, 15.54x50b/s] | st=3900, ep=1.30, loss=0.2098, acc=0.9200
[02.24 19:21:27] ┇ INFO    ┇             __main__ ┇ (Ep 1.35) training:  35%|██████████▌                   | 1050/3000 [01:26<02:05, 15.51x50b/s] | st=4050, ep=1.35, loss=0.2841, acc=0.8800
[02.24 19:21:37] ┇ INFO    ┇             __main__ ┇ (Ep 1.40) training:  40%|████████████                  | 1200/3000 [01:35<01:56, 15.49x50b/s] | st=4200, ep=1.40, loss=0.1453, acc=0.9600
[02.24 19:21:47] ┇ INFO    ┇             __main__ ┇ (Ep 1.40) checking:  50%|██████████          | 500/1000 [00:09<00:08, 57.21x50b/s]
[02.24 19:21:55] ┇ INFO    ┇             __main__ ┇ (Ep 1.40) checking: 100%|████████████████████| 1000/1000 [00:18<00:00, 58.53x50b/s] | st=4200, ep=1.40, val_loss=0.2408, val_acc=0.9043
[02.24 19:21:55] ┇ INFO    ┇             __main__ ┇ --- [after-check] -----------------------------------------------------------------------------------------------------------------------
[02.24 19:22:05] ┇ INFO    ┇             __main__ ┇ (Ep 1.45) training:  45%|█████████████▌                | 1350/3000 [02:03<01:46, 15.47x50b/s] | st=4350, ep=1.45, loss=0.1762, acc=0.9400
[02.24 19:22:15] ┇ INFO    ┇             __main__ ┇ (Ep 1.50) training:  50%|███████████████               | 1500/3000 [02:13<01:36, 15.52x50b/s] | st=4500, ep=1.50, loss=0.1104, acc=1.0000
[02.24 19:22:24] ┇ INFO    ┇             __main__ ┇ (Ep 1.55) training:  55%|████████████████▌             | 1650/3000 [02:22<01:26, 15.53x50b/s] | st=4650, ep=1.55, loss=0.1529, acc=0.9600
[02.24 19:22:34] ┇ INFO    ┇             __main__ ┇ (Ep 1.60) training:  60%|██████████████████            | 1800/3000 [02:32<01:17, 15.46x50b/s] | st=4800, ep=1.60, loss=0.1529, acc=0.9200
[02.24 19:22:43] ┇ INFO    ┇             __main__ ┇ (Ep 1.60) checking:  50%|██████████          | 500/1000 [00:09<00:08, 58.81x50b/s]
[02.24 19:22:52] ┇ INFO    ┇             __main__ ┇ (Ep 1.60) checking: 100%|████████████████████| 1000/1000 [00:17<00:00, 58.84x50b/s] | st=4800, ep=1.60, val_loss=0.2697, val_acc=0.9066
[02.24 19:22:52] ┇ INFO    ┇             __main__ ┇ --- [after-check] -----------------------------------------------------------------------------------------------------------------------
[02.24 19:23:03] ┇ INFO    ┇             __main__ ┇ (Ep 1.65) training:  65%|███████████████████▌          | 1950/3000 [03:01<01:07, 15.46x50b/s] | st=4950, ep=1.65, loss=0.2103, acc=0.8800
[02.24 19:23:12] ┇ INFO    ┇             __main__ ┇ (Ep 1.70) training:  70%|█████████████████████         | 2100/3000 [03:11<00:58, 15.49x50b/s] | st=5100, ep=1.70, loss=0.2414, acc=0.9400
[02.24 19:23:22] ┇ INFO    ┇             __main__ ┇ (Ep 1.75) training:  75%|██████████████████████▌       | 2250/3000 [03:20<00:48, 15.47x50b/s] | st=5250, ep=1.75, loss=0.2359, acc=0.8800
[02.24 19:23:32] ┇ INFO    ┇             __main__ ┇ (Ep 1.80) training:  80%|████████████████████████      | 2400/3000 [03:30<00:38, 15.49x50b/s] | st=5400, ep=1.80, loss=0.1173, acc=0.9600
[02.24 19:23:41] ┇ INFO    ┇             __main__ ┇ (Ep 1.80) checking:  50%|██████████          | 500/1000 [00:08<00:08, 58.67x50b/s]
[02.24 19:23:49] ┇ INFO    ┇             __main__ ┇ (Ep 1.80) checking: 100%|████████████████████| 1000/1000 [00:17<00:00, 58.80x50b/s] | st=5400, ep=1.80, val_loss=0.2460, val_acc=0.9066
[02.24 19:23:49] ┇ INFO    ┇             __main__ ┇ --- [after-check] -----------------------------------------------------------------------------------------------------------------------
[02.24 19:23:59] ┇ INFO    ┇             __main__ ┇ (Ep 1.85) training:  85%|█████████████████████████▌    | 2550/3000 [03:57<00:29, 15.48x50b/s] | st=5550, ep=1.85, loss=0.2157, acc=0.9200
[02.24 19:24:09] ┇ INFO    ┇             __main__ ┇ (Ep 1.90) training:  90%|███████████████████████████   | 2700/3000 [04:07<00:19, 15.55x50b/s] | st=5700, ep=1.90, loss=0.1484, acc=0.9600
[02.24 19:24:19] ┇ INFO    ┇             __main__ ┇ (Ep 1.95) training:  95%|████████████████████████████▌ | 2850/3000 [04:17<00:09, 15.55x50b/s] | st=5850, ep=1.95, loss=0.0556, acc=0.9800
[02.24 19:24:28] ┇ INFO    ┇             __main__ ┇ (Ep 2.00) training: 100%|██████████████████████████████| 3000/3000 [04:27<00:00, 15.39x50b/s] | st=6000, ep=2.00, loss=0.3808, acc=0.8200
[02.24 19:24:37] ┇ INFO    ┇             __main__ ┇ (Ep 2.00) checking:  50%|██████████          | 500/1000 [00:08<00:08, 58.42x50b/s]
[02.24 19:24:46] ┇ INFO    ┇             __main__ ┇ (Ep 2.00) checking: 100%|████████████████████| 1000/1000 [00:17<00:00, 58.50x50b/s] | st=6000, ep=2.00, val_loss=0.2669, val_acc=0.8982
[02.24 19:24:46] ┇ INFO    ┇             __main__ ┇ --- [after-check] -----------------------------------------------------------------------------------------------------------------------
[02.24 19:24:46] ┇ INFO    ┇             __main__ ┇ === [after-epoch] =======================================================================================================================
[02.24 19:24:57] ┇ INFO    ┇             __main__ ┇ (Ep 2.05) training:   5%|█▌                            | 150/3000 [00:10<03:03, 15.54x50b/s] | st=6150, ep=2.05, loss=0.1902, acc=0.9200
[02.24 19:25:07] ┇ INFO    ┇             __main__ ┇ (Ep 2.10) training:  10%|███                           | 300/3000 [00:20<02:53, 15.57x50b/s] | st=6300, ep=2.10, loss=0.0469, acc=1.0000
[02.24 19:25:16] ┇ INFO    ┇             __main__ ┇ (Ep 2.15) training:  15%|████▌                         | 450/3000 [00:30<02:44, 15.53x50b/s] | st=6450, ep=2.15, loss=0.1262, acc=0.9400
[02.24 19:25:26] ┇ INFO    ┇             __main__ ┇ (Ep 2.20) training:  20%|██████                        | 600/3000 [00:39<02:34, 15.53x50b/s] | st=6600, ep=2.20, loss=0.0505, acc=1.0000
[02.24 19:25:35] ┇ INFO    ┇             __main__ ┇ (Ep 2.20) checking:  50%|██████████          | 500/1000 [00:08<00:08, 58.51x50b/s]
[02.24 19:25:44] ┇ INFO    ┇             __main__ ┇ (Ep 2.20) checking: 100%|████████████████████| 1000/1000 [00:17<00:00, 59.04x50b/s] | st=6600, ep=2.20, val_loss=0.2757, val_acc=0.9046
[02.24 19:25:44] ┇ INFO    ┇             __main__ ┇ --- [after-check] -----------------------------------------------------------------------------------------------------------------------
[02.24 19:25:53] ┇ INFO    ┇             __main__ ┇ (Ep 2.25) training:  25%|███████▌                      | 750/3000 [01:07<02:24, 15.55x50b/s] | st=6750, ep=2.25, loss=0.0973, acc=0.9400
[02.24 19:26:03] ┇ INFO    ┇             __main__ ┇ (Ep 2.30) training:  30%|█████████                     | 900/3000 [01:16<02:15, 15.55x50b/s] | st=6900, ep=2.30, loss=0.1101, acc=0.9600
[02.24 19:26:13] ┇ INFO    ┇             __main__ ┇ (Ep 2.35) training:  35%|██████████▌                   | 1050/3000 [01:26<02:06, 15.44x50b/s] | st=7050, ep=2.35, loss=0.1109, acc=0.9800
[02.24 19:26:22] ┇ INFO    ┇             __main__ ┇ (Ep 2.40) training:  40%|████████████                  | 1200/3000 [01:36<01:55, 15.59x50b/s] | st=7200, ep=2.40, loss=0.1869, acc=0.9200
[02.24 19:26:31] ┇ INFO    ┇             __main__ ┇ (Ep 2.40) checking:  50%|██████████          | 500/1000 [00:08<00:08, 58.83x50b/s]
[02.24 19:26:40] ┇ INFO    ┇             __main__ ┇ (Ep 2.40) checking: 100%|████████████████████| 1000/1000 [00:17<00:00, 58.96x50b/s] | st=7200, ep=2.40, val_loss=0.2792, val_acc=0.9054
[02.24 19:26:40] ┇ INFO    ┇             __main__ ┇ --- [after-check] -----------------------------------------------------------------------------------------------------------------------
[02.24 19:26:50] ┇ INFO    ┇             __main__ ┇ (Ep 2.45) training:  45%|█████████████▌                | 1350/3000 [02:03<01:46, 15.50x50b/s] | st=7350, ep=2.45, loss=0.2437, acc=0.9400
[02.24 19:26:59] ┇ INFO    ┇             __main__ ┇ (Ep 2.50) training:  50%|███████████████               | 1500/3000 [02:13<01:37, 15.37x50b/s] | st=7500, ep=2.50, loss=0.1574, acc=0.9400
[02.24 19:27:09] ┇ INFO    ┇             __main__ ┇ (Ep 2.55) training:  55%|████████████████▌             | 1650/3000 [02:22<01:26, 15.53x50b/s] | st=7650, ep=2.55, loss=0.2091, acc=0.9600
[02.24 19:27:19] ┇ INFO    ┇             __main__ ┇ (Ep 2.60) training:  60%|██████████████████            | 1800/3000 [02:32<01:17, 15.51x50b/s] | st=7800, ep=2.60, loss=0.0857, acc=0.9400
[02.24 19:27:28] ┇ INFO    ┇             __main__ ┇ (Ep 2.60) checking:  50%|██████████          | 500/1000 [00:09<00:08, 58.12x50b/s]
[02.24 19:27:36] ┇ INFO    ┇             __main__ ┇ (Ep 2.60) checking: 100%|████████████████████| 1000/1000 [00:17<00:00, 58.46x50b/s] | st=7800, ep=2.60, val_loss=0.2877, val_acc=0.9018
[02.24 19:27:36] ┇ INFO    ┇             __main__ ┇ --- [after-check] -----------------------------------------------------------------------------------------------------------------------
[02.24 19:27:46] ┇ INFO    ┇             __main__ ┇ (Ep 2.65) training:  65%|███████████████████▌          | 1950/3000 [02:59<01:07, 15.46x50b/s] | st=7950, ep=2.65, loss=0.1764, acc=0.9200
[02.24 19:27:56] ┇ INFO    ┇             __main__ ┇ (Ep 2.70) training:  70%|█████████████████████         | 2100/3000 [03:09<00:58, 15.38x50b/s] | st=8100, ep=2.70, loss=0.0707, acc=0.9800
[02.24 19:28:05] ┇ INFO    ┇             __main__ ┇ (Ep 2.75) training:  75%|██████████████████████▌       | 2250/3000 [03:19<00:48, 15.49x50b/s] | st=8250, ep=2.75, loss=0.2238, acc=0.9400
[02.24 19:28:15] ┇ INFO    ┇             __main__ ┇ (Ep 2.80) training:  80%|████████████████████████      | 2400/3000 [03:28<00:38, 15.55x50b/s] | st=8400, ep=2.80, loss=0.1794, acc=0.9200
[02.24 19:28:24] ┇ INFO    ┇             __main__ ┇ (Ep 2.80) checking:  50%|██████████          | 500/1000 [00:08<00:08, 58.77x50b/s]
[02.24 19:28:33] ┇ INFO    ┇             __main__ ┇ (Ep 2.80) checking: 100%|████████████████████| 1000/1000 [00:17<00:00, 58.78x50b/s] | st=8400, ep=2.80, val_loss=0.3075, val_acc=0.8963
[02.24 19:28:33] ┇ INFO    ┇             __main__ ┇ --- [after-check] -----------------------------------------------------------------------------------------------------------------------
[02.24 19:28:42] ┇ INFO    ┇             __main__ ┇ (Ep 2.85) training:  85%|█████████████████████████▌    | 2550/3000 [03:55<00:29, 15.42x50b/s] | st=8550, ep=2.85, loss=0.2002, acc=0.9400
[02.24 19:28:52] ┇ INFO    ┇             __main__ ┇ (Ep 2.90) training:  90%|███████████████████████████   | 2700/3000 [04:05<00:19, 15.44x50b/s] | st=8700, ep=2.90, loss=0.1768, acc=0.9200
[02.24 19:29:02] ┇ INFO    ┇             __main__ ┇ (Ep 2.95) training:  95%|████████████████████████████▌ | 2850/3000 [04:15<00:09, 15.48x50b/s] | st=8850, ep=2.95, loss=0.2201, acc=0.8800
[02.24 19:29:11] ┇ INFO    ┇             __main__ ┇ (Ep 3.00) training: 100%|██████████████████████████████| 3000/3000 [04:25<00:00, 15.41x50b/s] | st=9000, ep=3.00, loss=0.1502, acc=0.9800
[02.24 19:29:20] ┇ INFO    ┇             __main__ ┇ (Ep 3.00) checking:  50%|██████████          | 500/1000 [00:09<00:08, 58.69x50b/s]
[02.24 19:29:29] ┇ INFO    ┇             __main__ ┇ (Ep 3.00) checking: 100%|████████████████████| 1000/1000 [00:17<00:00, 58.28x50b/s] | st=9000, ep=3.00, val_loss=0.2662, val_acc=0.9063
[02.24 19:29:29] ┇ INFO    ┇             __main__ ┇ --- [after-check] -----------------------------------------------------------------------------------------------------------------------
[02.24 19:29:29] ┇ INFO    ┇             __main__ ┇ === [after-epoch] =======================================================================================================================
[02.24 19:29:29] ┇ INFO    ┇             __main__ ┇ --- [after-train] -----------------------------------------------------------------------------------------------------------------------
[02.24 19:29:29] ┇ INFO    ┇         DeepKNLP.cls ┇ Creating features from /raid/chrisjihee/proj/DeepKNLP-25/data/nsmc/ratings_test.txt
[02.24 19:29:29] ┇ INFO    ┇         DeepKNLP.cls ┇ Loaded 10 examples from /raid/chrisjihee/proj/DeepKNLP-25/data/nsmc/ratings_test.txt
[02.24 19:29:29] ┇ INFO    ┇         DeepKNLP.cls ┇   === [Example 1] ===
[02.24 19:29:29] ┇ INFO    ┇         DeepKNLP.cls ┇   = sentence : 시리즈 중 최고였던거 같아요;; 극장가서 보길 잘한듯
[02.24 19:29:29] ┇ INFO    ┇         DeepKNLP.cls ┇   = tokens   : ìĭľë¦¬ ì¦Ī Ġì¤ĳ Ġìµľê³ł ìĺĢëįĺ ê±° Ġê°ĻìķĦìļĶ ;; Ġê·¹ ìŀ¥ ê°ĢìĦľ Ġë³´ ê¸¸ Ġìŀĺíķľ ëĵ¯ [PAD] [PAD] [PAD] [PAD] [PAD] [PAD] [PAD] [PAD] [PAD] [PAD] [PAD] [PAD] [PAD] [PAD] [PAD] [PAD] [PAD] [PAD] [PAD] [PAD] [PAD] [PAD] [PAD] [PAD] [PAD] [PAD] [PAD] [PAD] [PAD] [PAD] [PAD] [PAD] [PAD] [PAD] [PAD] [PAD] [PAD] [PAD] [PAD] [PAD] [PAD] [PAD] [PAD] [PAD] [PAD] [PAD] [PAD] [PAD] [PAD] [PAD] [PAD] [PAD] [PAD] [PAD] [PAD] [PAD] [PAD] [PAD] [PAD] [PAD] [PAD] [PAD] [PAD] [PAD] [PAD] [PAD] [PAD] [PAD] [PAD] [PAD] [PAD] [PAD] [PAD] [PAD] [PAD] [PAD] [PAD] [PAD] [PAD] [PAD] [PAD] [PAD] [PAD] [PAD] [PAD] [PAD] [PAD] [PAD] [PAD] [PAD] [PAD] [PAD] [PAD] [PAD] [PAD] [PAD] [PAD] [PAD] [PAD] [PAD] [PAD] [PAD] [PAD] [PAD] [PAD] [PAD] [PAD] [PAD] [PAD] [PAD] [PAD] [PAD] [PAD]
[02.24 19:29:29] ┇ INFO    ┇         DeepKNLP.cls ┇   = label    : 1
[02.24 19:29:29] ┇ INFO    ┇         DeepKNLP.cls ┇   = features : ClassificationFeatures(input_ids=[13791, 2446, 513, 2018, 7613, 303, 5451, 1757, 1719, 401, 1429, 447, 890, 8191, 769, 3, 3, 3, 3, 3, 3, 3, 3, 3, 3, 3, 3, 3, 3, 3, 3, 3, 3, 3, 3, 3, 3, 3, 3, 3, 3, 3, 3, 3, 3, 3, 3, 3, 3, 3, 3, 3, 3, 3, 3, 3, 3, 3, 3, 3, 3, 3, 3, 3, 3, 3, 3, 3, 3, 3, 3, 3, 3, 3, 3, 3, 3, 3, 3, 3, 3, 3, 3, 3, 3, 3, 3, 3, 3, 3, 3, 3, 3, 3, 3, 3, 3, 3, 3, 3, 3, 3, 3, 3, 3, 3, 3, 3, 3, 3, 3, 3, 3, 3, 3, 3, 3, 3, 3, 3, 3, 3, 3, 3, 3, 3, 3, 3], attention_mask=[1, 1, 1, 1, 1, 1, 1, 1, 1, 1, 1, 1, 1, 1, 1, 0, 0, 0, 0, 0, 0, 0, 0, 0, 0, 0, 0, 0, 0, 0, 0, 0, 0, 0, 0, 0, 0, 0, 0, 0, 0, 0, 0, 0, 0, 0, 0, 0, 0, 0, 0, 0, 0, 0, 0, 0, 0, 0, 0, 0, 0, 0, 0, 0, 0, 0, 0, 0, 0, 0, 0, 0, 0, 0, 0, 0, 0, 0, 0, 0, 0, 0, 0, 0, 0, 0, 0, 0, 0, 0, 0, 0, 0, 0, 0, 0, 0, 0, 0, 0, 0, 0, 0, 0, 0, 0, 0, 0, 0, 0, 0, 0, 0, 0, 0, 0, 0, 0, 0, 0, 0, 0, 0, 0, 0, 0, 0, 0], token_type_ids=[0, 0, 0, 0, 0, 0, 0, 0, 0, 0, 0, 0, 0, 0, 0, 0, 0, 0, 0, 0, 0, 0, 0, 0, 0, 0, 0, 0, 0, 0, 0, 0, 0, 0, 0, 0, 0, 0, 0, 0, 0, 0, 0, 0, 0, 0, 0, 0, 0, 0, 0, 0, 0, 0, 0, 0, 0, 0, 0, 0, 0, 0, 0, 0, 0, 0, 0, 0, 0, 0, 0, 0, 0, 0, 0, 0, 0, 0, 0, 0, 0, 0, 0, 0, 0, 0, 0, 0, 0, 0, 0, 0, 0, 0, 0, 0, 0, 0, 0, 0, 0, 0, 0, 0, 0, 0, 0, 0, 0, 0, 0, 0, 0, 0, 0, 0, 0, 0, 0, 0, 0, 0, 0, 0, 0, 0, 0, 0], label=1)
[02.24 19:29:29] ┇ INFO    ┇         DeepKNLP.cls ┇   === 
[02.24 19:29:29] ┇ INFO    ┇         DeepKNLP.cls ┇   === [Example 2] ===
[02.24 19:29:29] ┇ INFO    ┇         DeepKNLP.cls ┇   = sentence : 시원시원하게 두드려 패고 맞는 영화. 종종 봐줘야 마음이 상쾌해진다.
[02.24 19:29:29] ┇ INFO    ┇         DeepKNLP.cls ┇   = tokens   : ìĭľìĽĲ ìĭľìĽĲ íķĺê²Į ĠëĳĲ ëĵľëł¤ ĠíĮ¨ê³ł Ġë§ŀëĬĶ ĠìĺģíĻĶ . Ġì¢ħ ì¢ħ Ġë´Ĳ ì¤ĺìķ¼ Ġë§ĪìĿĮìĿ´ Ġìĥģ ì¾Į íķ´ì§Ħëĭ¤ . [PAD] [PAD] [PAD] [PAD] [PAD] [PAD] [PAD] [PAD] [PAD] [PAD] [PAD] [PAD] [PAD] [PAD] [PAD] [PAD] [PAD] [PAD] [PAD] [PAD] [PAD] [PAD] [PAD] [PAD] [PAD] [PAD] [PAD] [PAD] [PAD] [PAD] [PAD] [PAD] [PAD] [PAD] [PAD] [PAD] [PAD] [PAD] [PAD] [PAD] [PAD] [PAD] [PAD] [PAD] [PAD] [PAD] [PAD] [PAD] [PAD] [PAD] [PAD] [PAD] [PAD] [PAD] [PAD] [PAD] [PAD] [PAD] [PAD] [PAD] [PAD] [PAD] [PAD] [PAD] [PAD] [PAD] [PAD] [PAD] [PAD] [PAD] [PAD] [PAD] [PAD] [PAD] [PAD] [PAD] [PAD] [PAD] [PAD] [PAD] [PAD] [PAD] [PAD] [PAD] [PAD] [PAD] [PAD] [PAD] [PAD] [PAD] [PAD] [PAD] [PAD] [PAD] [PAD] [PAD] [PAD] [PAD] [PAD] [PAD] [PAD] [PAD] [PAD] [PAD] [PAD] [PAD] [PAD] [PAD] [PAD] [PAD]
[02.24 19:29:29] ┇ INFO    ┇         DeepKNLP.cls ┇   = label    : 1
[02.24 19:29:29] ┇ INFO    ┇         DeepKNLP.cls ┇   = features : ClassificationFeatures(input_ids=[10394, 10394, 665, 1026, 7362, 27380, 2224, 3621, 18, 1122, 783, 1256, 3244, 4944, 675, 8070, 11963, 18, 3, 3, 3, 3, 3, 3, 3, 3, 3, 3, 3, 3, 3, 3, 3, 3, 3, 3, 3, 3, 3, 3, 3, 3, 3, 3, 3, 3, 3, 3, 3, 3, 3, 3, 3, 3, 3, 3, 3, 3, 3, 3, 3, 3, 3, 3, 3, 3, 3, 3, 3, 3, 3, 3, 3, 3, 3, 3, 3, 3, 3, 3, 3, 3, 3, 3, 3, 3, 3, 3, 3, 3, 3, 3, 3, 3, 3, 3, 3, 3, 3, 3, 3, 3, 3, 3, 3, 3, 3, 3, 3, 3, 3, 3, 3, 3, 3, 3, 3, 3, 3, 3, 3, 3, 3, 3, 3, 3, 3, 3], attention_mask=[1, 1, 1, 1, 1, 1, 1, 1, 1, 1, 1, 1, 1, 1, 1, 1, 1, 1, 0, 0, 0, 0, 0, 0, 0, 0, 0, 0, 0, 0, 0, 0, 0, 0, 0, 0, 0, 0, 0, 0, 0, 0, 0, 0, 0, 0, 0, 0, 0, 0, 0, 0, 0, 0, 0, 0, 0, 0, 0, 0, 0, 0, 0, 0, 0, 0, 0, 0, 0, 0, 0, 0, 0, 0, 0, 0, 0, 0, 0, 0, 0, 0, 0, 0, 0, 0, 0, 0, 0, 0, 0, 0, 0, 0, 0, 0, 0, 0, 0, 0, 0, 0, 0, 0, 0, 0, 0, 0, 0, 0, 0, 0, 0, 0, 0, 0, 0, 0, 0, 0, 0, 0, 0, 0, 0, 0, 0, 0], token_type_ids=[0, 0, 0, 0, 0, 0, 0, 0, 0, 0, 0, 0, 0, 0, 0, 0, 0, 0, 0, 0, 0, 0, 0, 0, 0, 0, 0, 0, 0, 0, 0, 0, 0, 0, 0, 0, 0, 0, 0, 0, 0, 0, 0, 0, 0, 0, 0, 0, 0, 0, 0, 0, 0, 0, 0, 0, 0, 0, 0, 0, 0, 0, 0, 0, 0, 0, 0, 0, 0, 0, 0, 0, 0, 0, 0, 0, 0, 0, 0, 0, 0, 0, 0, 0, 0, 0, 0, 0, 0, 0, 0, 0, 0, 0, 0, 0, 0, 0, 0, 0, 0, 0, 0, 0, 0, 0, 0, 0, 0, 0, 0, 0, 0, 0, 0, 0, 0, 0, 0, 0, 0, 0, 0, 0, 0, 0, 0, 0], label=1)
[02.24 19:29:29] ┇ INFO    ┇         DeepKNLP.cls ┇   === 
[02.24 19:29:29] ┇ INFO    ┇         DeepKNLP.cls ┇   === [Example 3] ===
[02.24 19:29:29] ┇ INFO    ┇         DeepKNLP.cls ┇   = sentence : We need Kong, The world needs him.
[02.24 19:29:29] ┇ INFO    ┇         DeepKNLP.cls ┇   = tokens   : W e Ġn e ed ĠK ong , ĠT he Ġw or l d Ġn e ed s Ġh im . [PAD] [PAD] [PAD] [PAD] [PAD] [PAD] [PAD] [PAD] [PAD] [PAD] [PAD] [PAD] [PAD] [PAD] [PAD] [PAD] [PAD] [PAD] [PAD] [PAD] [PAD] [PAD] [PAD] [PAD] [PAD] [PAD] [PAD] [PAD] [PAD] [PAD] [PAD] [PAD] [PAD] [PAD] [PAD] [PAD] [PAD] [PAD] [PAD] [PAD] [PAD] [PAD] [PAD] [PAD] [PAD] [PAD] [PAD] [PAD] [PAD] [PAD] [PAD] [PAD] [PAD] [PAD] [PAD] [PAD] [PAD] [PAD] [PAD] [PAD] [PAD] [PAD] [PAD] [PAD] [PAD] [PAD] [PAD] [PAD] [PAD] [PAD] [PAD] [PAD] [PAD] [PAD] [PAD] [PAD] [PAD] [PAD] [PAD] [PAD] [PAD] [PAD] [PAD] [PAD] [PAD] [PAD] [PAD] [PAD] [PAD] [PAD] [PAD] [PAD] [PAD] [PAD] [PAD] [PAD] [PAD] [PAD] [PAD] [PAD] [PAD] [PAD] [PAD] [PAD] [PAD] [PAD] [PAD]
[02.24 19:29:29] ┇ INFO    ┇         DeepKNLP.cls ┇   = label    : 1
[02.24 19:29:29] ┇ INFO    ┇         DeepKNLP.cls ┇   = features : ClassificationFeatures(input_ids=[57, 71, 7437, 71, 21624, 2838, 20646, 16, 4384, 11965, 9293, 9541, 78, 70, 7437, 71, 21624, 85, 3390, 17004, 18, 3, 3, 3, 3, 3, 3, 3, 3, 3, 3, 3, 3, 3, 3, 3, 3, 3, 3, 3, 3, 3, 3, 3, 3, 3, 3, 3, 3, 3, 3, 3, 3, 3, 3, 3, 3, 3, 3, 3, 3, 3, 3, 3, 3, 3, 3, 3, 3, 3, 3, 3, 3, 3, 3, 3, 3, 3, 3, 3, 3, 3, 3, 3, 3, 3, 3, 3, 3, 3, 3, 3, 3, 3, 3, 3, 3, 3, 3, 3, 3, 3, 3, 3, 3, 3, 3, 3, 3, 3, 3, 3, 3, 3, 3, 3, 3, 3, 3, 3, 3, 3, 3, 3, 3, 3, 3, 3], attention_mask=[1, 1, 1, 1, 1, 1, 1, 1, 1, 1, 1, 1, 1, 1, 1, 1, 1, 1, 1, 1, 1, 0, 0, 0, 0, 0, 0, 0, 0, 0, 0, 0, 0, 0, 0, 0, 0, 0, 0, 0, 0, 0, 0, 0, 0, 0, 0, 0, 0, 0, 0, 0, 0, 0, 0, 0, 0, 0, 0, 0, 0, 0, 0, 0, 0, 0, 0, 0, 0, 0, 0, 0, 0, 0, 0, 0, 0, 0, 0, 0, 0, 0, 0, 0, 0, 0, 0, 0, 0, 0, 0, 0, 0, 0, 0, 0, 0, 0, 0, 0, 0, 0, 0, 0, 0, 0, 0, 0, 0, 0, 0, 0, 0, 0, 0, 0, 0, 0, 0, 0, 0, 0, 0, 0, 0, 0, 0, 0], token_type_ids=[0, 0, 0, 0, 0, 0, 0, 0, 0, 0, 0, 0, 0, 0, 0, 0, 0, 0, 0, 0, 0, 0, 0, 0, 0, 0, 0, 0, 0, 0, 0, 0, 0, 0, 0, 0, 0, 0, 0, 0, 0, 0, 0, 0, 0, 0, 0, 0, 0, 0, 0, 0, 0, 0, 0, 0, 0, 0, 0, 0, 0, 0, 0, 0, 0, 0, 0, 0, 0, 0, 0, 0, 0, 0, 0, 0, 0, 0, 0, 0, 0, 0, 0, 0, 0, 0, 0, 0, 0, 0, 0, 0, 0, 0, 0, 0, 0, 0, 0, 0, 0, 0, 0, 0, 0, 0, 0, 0, 0, 0, 0, 0, 0, 0, 0, 0, 0, 0, 0, 0, 0, 0, 0, 0, 0, 0, 0, 0], label=1)
[02.24 19:29:29] ┇ INFO    ┇         DeepKNLP.cls ┇   === 
[02.24 19:29:29] ┇ INFO    ┇         DeepKNLP.cls ┇ Converted 10 raw examples to 10 encoded examples
[02.24 19:29:29] ┇ INFO    ┇             __main__ ┇ Created test_dataset providing 10 examples
[02.24 19:29:29] ┇ INFO    ┇             __main__ ┇ Created test_dataloader providing 1 batches
[02.24 19:29:29] ┇ INFO    ┇             __main__ ┇ === [after-test_dataloader] =============================================================================================================
[02.24 19:29:29] ┇ INFO    ┇             __main__ ┇ Loading model from output/nsmc/train=KcELECTRA-base=dgx-a100/version_0/ep=1.6, loss=0.2697, acc=0.9066.ckpt
[02.24 19:29:31] ┇ INFO    ┇             __main__ ┇ (Ep 1.60)  testing: 100%|████████████████████| 1/1 [00:00<00:00,  1.36x50b/s] | st=4800, ep=1.60, test_loss=0.0102, test_acc=1.0000
[02.24 19:29:31] ┇ INFO    ┇             __main__ ┇ --- [after-test] ------------------------------------------------------------------------------------------------------------------------
[02.24 19:29:31] ┇ INFO    ┇       chrisbase.data ┇ =========================================================================================================================================
[02.24 19:29:31] ┇ INFO    ┇       chrisbase.data ┇ [EXIT] python /raid/chrisjihee/proj/DeepKNLP-25/task1-cls.py train ($=00:14:46.520)
[02.24 19:29:31] ┇ INFO    ┇       chrisbase.data ┇ =========================================================================================================================================
